Bed x: 21.67 y: -65.00 z: 5.56
Bed x: 0.00 y: -65.00 z: 5.52
Bed x: -21.67 y: -65.00 z: 5.52
Bed x: -43.33 y: -43.33 z: 5.37
Bed x: -21.67 y: -43.33 z: 5.33
Bed x: 0.00 y: -43.33 z: 5.33
Bed x: 21.67 y: -43.33 z: 5.41
Bed x: 43.33 y: -43.33 z: 5.48
Bed x: 65.00 y: -21.67 z: 5.33
Bed x: 43.33 y: -21.67 z: 5.29
Bed x: 21.67 y: -21.67 z: 5.24
Bed x: 0.00 y: -21.67 z: 5.22
Bed x: -21.67 y: -21.67 z: 5.23
Bed x: -43.33 y: -21.67 z: 5.23
Bed x: -65.00 y: -21.67 z: 5.29
Bed x: -65.00 y: 0.00 z: 5.19
Bed x: -43.33 y: 0.00 z: 5.11
Bed x: -21.67 y: 0.00 z: 5.07
Bed x: 0.00 y: 0.00 z: 5.05
Bed x: 21.67 y: 0.00 z: 5.07
Bed x: 43.33 y: 0.00 z: 5.11
Bed x: 65.00 y: 0.00 z: 5.09
Bed x: 65.00 y: 21.67 z: 4.89
Bed x: 43.33 y: 21.67 z: 4.89
Bed x: 21.67 y: 21.67 z: 4.90
Bed x: 0.00 y: 21.67 z: 4.95
Bed x: -21.67 y: 21.67 z: 5.00
Bed x: -43.33 y: 21.67 z: 5.04
Bed x: -65.00 y: 21.67 z: 5.08
Bed x: -43.33 y: 43.33 z: 4.95
Bed x: -21.67 y: 43.33 z: 4.90
Bed x: 0.00 y: 43.33 z: 4.85
Bed x: 21.67 y: 43.33 z: 4.78
Bed x: 43.33 y: 43.33 z: 4.70
Bed x: 21.67 y: 65.00 z: 4.66
Bed x: 0.00 y: 65.00 z: 4.75
Bed x: -21.67 y: 65.00 z: 4.81
0.20 0.21 0.22 0.22 0.26 0.30 0.42 
0.09 0.07 0.03 0.03 0.11 0.18 0.25 
-0.01 -0.07 -0.07 -0.08 -0.06 -0.01 0.03 
-0.11 -0.19 -0.23 -0.25 -0.23 -0.19 -0.21 
-0.22 -0.26 -0.30 -0.35 -0.40 -0.41 -0.41 
-0.30 -0.35 -0.40 -0.45 -0.52 -0.60 -0.61 
-0.39 -0.44 -0.49 -0.55 -0.64 -0.73 -0.81 
