Bed x: 21.67 y: -65.00 z: 5.51
Bed x: 0.00 y: -65.00 z: 5.44
Bed x: -21.67 y: -65.00 z: 5.47
Bed x: -43.33 y: -43.33 z: 5.33
Bed x: -21.67 y: -43.33 z: 5.24
Bed x: 0.00 y: -43.33 z: 5.24
Bed x: 21.67 y: -43.33 z: 5.37
Bed x: 43.33 y: -43.33 z: 5.44
Bed x: 65.00 y: -21.67 z: 5.30
Bed x: 43.33 y: -21.67 z: 5.29
Bed x: 21.67 y: -21.67 z: 5.19
Bed x: 0.00 y: -21.67 z: 5.14
Bed x: -21.67 y: -21.67 z: 5.15
Bed x: -43.33 y: -21.67 z: 5.19
Bed x: -65.00 y: -21.67 z: 5.28
Bed x: -65.00 y: 0.00 z: 5.11
Bed x: -43.33 y: 0.00 z: 5.11
Bed x: -21.67 y: 0.00 z: 5.05
Bed x: 0.00 y: 0.00 z: 5.03
Bed x: 21.67 y: 0.00 z: 5.00
Bed x: 43.33 y: 0.00 z: 5.04
Bed x: 65.00 y: 0.00 z: 5.07
Bed x: 65.00 y: 21.67 z: 4.80
Bed x: 43.33 y: 21.67 z: 4.83
Bed x: 21.67 y: 21.67 z: 4.88
Bed x: 0.00 y: 21.67 z: 4.90
Bed x: -21.67 y: 21.67 z: 4.97
Bed x: -43.33 y: 21.67 z: 5.00
Bed x: -65.00 y: 21.67 z: 5.02
Bed x: -43.33 y: 43.33 z: 4.91
Bed x: -21.67 y: 43.33 z: 4.86
Bed x: 0.00 y: 43.33 z: 4.81
Bed x: 21.67 y: 43.33 z: 4.75
Bed x: 43.33 y: 43.33 z: 4.67
Bed x: 21.67 y: 65.00 z: 4.63
Bed x: 0.00 y: 65.00 z: 4.72
Bed x: -21.67 y: 65.00 z: 4.79
0.21 0.17 0.17 0.14 0.21 0.29 0.39 
0.12 0.03 -0.06 -0.06 0.07 0.14 0.23 
-0.02 -0.11 -0.15 -0.16 -0.11 -0.01 0.00 
-0.19 -0.19 -0.25 -0.27 -0.30 -0.26 -0.23 
-0.28 -0.30 -0.33 -0.40 -0.42 -0.47 -0.50 
-0.35 -0.39 -0.44 -0.49 -0.55 -0.63 -0.71 
-0.45 -0.48 -0.51 -0.58 -0.67 -0.76 -0.85 
