Bed x: 21.67 y: -65.00 z: 5.52
Bed x: 0.00 y: -65.00 z: 5.46
Bed x: -21.67 y: -65.00 z: 5.48
Bed x: -43.33 y: -43.33 z: 5.40
Bed x: -21.67 y: -43.33 z: 5.23
Bed x: 0.00 y: -43.33 z: 5.23
Bed x: 21.67 y: -43.33 z: 5.32
Bed x: 43.33 y: -43.33 z: 5.43
Bed x: 65.00 y: -21.67 z: 5.30
Bed x: 43.33 y: -21.67 z: 5.26
Bed x: 21.67 y: -21.67 z: 5.19
Bed x: 0.00 y: -21.67 z: 5.19
Bed x: -21.67 y: -21.67 z: 5.13
Bed x: -43.33 y: -21.67 z: 5.19
Bed x: -65.00 y: -21.67 z: 5.29
Bed x: -65.00 y: 0.00 z: 5.13
Bed x: -43.33 y: 0.00 z: 5.10
Bed x: -21.67 y: 0.00 z: 5.05
Bed x: 0.00 y: 0.00 z: 5.04
Bed x: 21.67 y: 0.00 z: 5.00
Bed x: 43.33 y: 0.00 z: 5.02
Bed x: 65.00 y: 0.00 z: 5.07
Bed x: 65.00 y: 21.67 z: 4.82
Bed x: 43.33 y: 21.67 z: 4.85
Bed x: 21.67 y: 21.67 z: 4.88
Bed x: 0.00 y: 21.67 z: 4.91
Bed x: -21.67 y: 21.67 z: 4.96
Bed x: -43.33 y: 21.67 z: 5.01
Bed x: -65.00 y: 21.67 z: 5.03
Bed x: -43.33 y: 43.33 z: 4.91
Bed x: -21.67 y: 43.33 z: 4.87
Bed x: 0.00 y: 43.33 z: 4.83
Bed x: 21.67 y: 43.33 z: 4.75
Bed x: 43.33 y: 43.33 z: 4.66
Bed x: 21.67 y: 65.00 z: 4.61
Bed x: 0.00 y: 65.00 z: 4.72
Bed x: -21.67 y: 65.00 z: 4.78
0.31 0.20 0.18 0.16 0.22 0.28 0.37 
0.15 0.10 -0.07 -0.07 0.02 0.13 0.23 
-0.01 -0.11 -0.17 -0.11 -0.11 -0.04 0.00 
-0.17 -0.20 -0.25 -0.26 -0.30 -0.28 -0.23 
-0.27 -0.29 -0.34 -0.39 -0.42 -0.45 -0.48 
-0.35 -0.39 -0.43 -0.47 -0.55 -0.64 -0.73 
-0.43 -0.47 -0.52 -0.58 -0.69 -0.80 -0.91 
