Bed x: 21.67 y: -65.00 z: 5.53
Bed x: 0.00 y: -65.00 z: 5.44
Bed x: -21.67 y: -65.00 z: 5.46
Bed x: -43.33 y: -43.33 z: 5.38
Bed x: -21.67 y: -43.33 z: 5.28
Bed x: 0.00 y: -43.33 z: 5.24
Bed x: 21.67 y: -43.33 z: 5.34
Bed x: 43.33 y: -43.33 z: 5.42
Bed x: 65.00 y: -21.67 z: 5.30
Bed x: 43.33 y: -21.67 z: 5.28
Bed x: 21.67 y: -21.67 z: 5.19
Bed x: 0.00 y: -21.67 z: 5.19
Bed x: -21.67 y: -21.67 z: 5.14
Bed x: -43.33 y: -21.67 z: 5.18
Bed x: -65.00 y: -21.67 z: 5.27
Bed x: -65.00 y: 0.00 z: 5.12
Bed x: -43.33 y: 0.00 z: 5.10
Bed x: -21.67 y: 0.00 z: 5.03
Bed x: 0.00 y: 0.00 z: 5.01
Bed x: 21.67 y: 0.00 z: 5.01
Bed x: 43.33 y: 0.00 z: 5.02
Bed x: 65.00 y: 0.00 z: 5.07
Bed x: 65.00 y: 21.67 z: 4.84
Bed x: 43.33 y: 21.67 z: 4.83
Bed x: 21.67 y: 21.67 z: 4.87
Bed x: 0.00 y: 21.67 z: 4.90
Bed x: -21.67 y: 21.67 z: 4.96
Bed x: -43.33 y: 21.67 z: 5.00
Bed x: -65.00 y: 21.67 z: 5.02
Bed x: -43.33 y: 43.33 z: 4.91
Bed x: -21.67 y: 43.33 z: 4.86
Bed x: 0.00 y: 43.33 z: 4.82
Bed x: 21.67 y: 43.33 z: 4.74
Bed x: 43.33 y: 43.33 z: 4.65
Bed x: 21.67 y: 65.00 z: 4.61
Bed x: 0.00 y: 65.00 z: 4.70
Bed x: -21.67 y: 65.00 z: 4.77
0.27 0.18 0.16 0.14 0.23 0.26 0.35 
0.12 0.08 -0.02 -0.06 0.04 0.12 0.23 
-0.03 -0.12 -0.16 -0.11 -0.11 -0.02 -0.00 
-0.18 -0.20 -0.27 -0.29 -0.29 -0.28 -0.23 
-0.28 -0.30 -0.34 -0.40 -0.43 -0.47 -0.46 
-0.34 -0.39 -0.44 -0.48 -0.56 -0.65 -0.69 
-0.43 -0.48 -0.53 -0.60 -0.69 -0.78 -0.87 
