Bed x: 21.67 y: -65.00 z: 5.55
Bed x: 0.00 y: -65.00 z: 5.49
Bed x: -21.67 y: -65.00 z: 5.51
Bed x: -43.33 y: -43.33 z: 5.37
Bed x: -21.67 y: -43.33 z: 5.25
Bed x: 0.00 y: -43.33 z: 5.21
Bed x: 21.67 y: -43.33 z: 5.35
Bed x: 43.33 y: -43.33 z: 5.46
Bed x: 65.00 y: -21.67 z: 5.32
Bed x: 43.33 y: -21.67 z: 5.27
Bed x: 21.67 y: -21.67 z: 5.19
Bed x: 0.00 y: -21.67 z: 5.16
Bed x: -21.67 y: -21.67 z: 5.16
Bed x: -43.33 y: -21.67 z: 5.21
Bed x: -65.00 y: -21.67 z: 5.29
Bed x: -65.00 y: 0.00 z: 5.20
Bed x: -43.33 y: 0.00 z: 5.12
Bed x: -21.67 y: 0.00 z: 5.05
Bed x: 0.00 y: 0.00 z: 5.04
Bed x: 21.67 y: 0.00 z: 5.00
Bed x: 43.33 y: 0.00 z: 5.07
Bed x: 65.00 y: 0.00 z: 5.08
Bed x: 65.00 y: 21.67 z: 4.83
Bed x: 43.33 y: 21.67 z: 4.85
Bed x: 21.67 y: 21.67 z: 4.90
Bed x: 0.00 y: 21.67 z: 4.93
Bed x: -21.67 y: 21.67 z: 4.99
Bed x: -43.33 y: 21.67 z: 5.02
Bed x: -65.00 y: 21.67 z: 5.04
Bed x: -43.33 y: 43.33 z: 4.95
Bed x: -21.67 y: 43.33 z: 4.91
Bed x: 0.00 y: 43.33 z: 4.85
Bed x: 21.67 y: 43.33 z: 4.77
Bed x: 43.33 y: 43.33 z: 4.68
Bed x: 21.67 y: 65.00 z: 4.64
Bed x: 0.00 y: 65.00 z: 4.74
Bed x: -21.67 y: 65.00 z: 4.80
0.25 0.23 0.21 0.19 0.25 0.31 0.43 
0.08 0.07 -0.05 -0.09 0.05 0.16 0.26 
-0.01 -0.09 -0.14 -0.14 -0.11 -0.03 0.02 
-0.10 -0.18 -0.25 -0.26 -0.30 -0.23 -0.22 
-0.26 -0.28 -0.31 -0.37 -0.40 -0.45 -0.47 
-0.31 -0.35 -0.39 -0.45 -0.53 -0.62 -0.71 
-0.36 -0.42 -0.50 -0.56 -0.66 -0.76 -0.86 
