Bed x: 21.67 y: -65.00 z: 5.55
Bed x: 0.00 y: -65.00 z: 5.49
Bed x: -21.67 y: -65.00 z: 5.50
Bed x: -43.33 y: -43.33 z: 5.36
Bed x: -21.67 y: -43.33 z: 5.27
Bed x: 0.00 y: -43.33 z: 5.24
Bed x: 21.67 y: -43.33 z: 5.38
Bed x: 43.33 y: -43.33 z: 5.45
Bed x: 65.00 y: -21.67 z: 5.33
Bed x: 43.33 y: -21.67 z: 5.30
Bed x: 21.67 y: -21.67 z: 5.19
Bed x: 0.00 y: -21.67 z: 5.18
Bed x: -21.67 y: -21.67 z: 5.16
Bed x: -43.33 y: -21.67 z: 5.21
Bed x: -65.00 y: -21.67 z: 5.30
Bed x: -65.00 y: 0.00 z: 5.19
Bed x: -43.33 y: 0.00 z: 5.12
Bed x: -21.67 y: 0.00 z: 5.06
Bed x: 0.00 y: 0.00 z: 5.05
Bed x: 21.67 y: 0.00 z: 5.01
Bed x: 43.33 y: 0.00 z: 5.05
Bed x: 65.00 y: 0.00 z: 5.09
Bed x: 65.00 y: 21.67 z: 4.85
Bed x: 43.33 y: 21.67 z: 4.86
Bed x: 21.67 y: 21.67 z: 4.90
Bed x: 0.00 y: 21.67 z: 4.94
Bed x: -21.67 y: 21.67 z: 4.99
Bed x: -43.33 y: 21.67 z: 5.02
Bed x: -65.00 y: 21.67 z: 5.05
Bed x: -43.33 y: 43.33 z: 4.95
Bed x: -21.67 y: 43.33 z: 4.91
Bed x: 0.00 y: 43.33 z: 4.83
Bed x: 21.67 y: 43.33 z: 4.76
Bed x: 43.33 y: 43.33 z: 4.69
Bed x: 21.67 y: 65.00 z: 4.65
Bed x: 0.00 y: 65.00 z: 4.74
Bed x: -21.67 y: 65.00 z: 4.81
0.22 0.21 0.20 0.19 0.25 0.30 0.41 
0.11 0.06 -0.03 -0.06 0.08 0.15 0.27 
-0.00 -0.09 -0.14 -0.12 -0.11 -0.00 0.03 
-0.11 -0.18 -0.24 -0.25 -0.29 -0.25 -0.21 
-0.25 -0.28 -0.31 -0.36 -0.40 -0.44 -0.45 
-0.32 -0.35 -0.39 -0.47 -0.54 -0.61 -0.68 
-0.39 -0.42 -0.49 -0.56 -0.65 -0.74 -0.83 
