Bed x: 21.67 y: -65.00 z: 5.51
Bed x: 0.00 y: -65.00 z: 5.44
Bed x: -21.67 y: -65.00 z: 5.50
Bed x: -43.33 y: -43.33 z: 5.35
Bed x: -21.67 y: -43.33 z: 5.27
Bed x: 0.00 y: -43.33 z: 5.26
Bed x: 21.67 y: -43.33 z: 5.37
Bed x: 43.33 y: -43.33 z: 5.40
Bed x: 65.00 y: -21.67 z: 5.29
Bed x: 43.33 y: -21.67 z: 5.28
Bed x: 21.67 y: -21.67 z: 5.17
Bed x: 0.00 y: -21.67 z: 5.14
Bed x: -21.67 y: -21.67 z: 5.15
Bed x: -43.33 y: -21.67 z: 5.19
Bed x: -65.00 y: -21.67 z: 5.28
Bed x: -65.00 y: 0.00 z: 5.15
Bed x: -43.33 y: 0.00 z: 5.11
Bed x: -21.67 y: 0.00 z: 5.05
Bed x: 0.00 y: 0.00 z: 5.02
Bed x: 21.67 y: 0.00 z: 5.01
Bed x: 43.33 y: 0.00 z: 5.07
Bed x: 65.00 y: 0.00 z: 5.08
Bed x: 65.00 y: 21.67 z: 4.84
Bed x: 43.33 y: 21.67 z: 4.83
Bed x: 21.67 y: 21.67 z: 4.88
Bed x: 0.00 y: 21.67 z: 4.91
Bed x: -21.67 y: 21.67 z: 4.97
Bed x: -43.33 y: 21.67 z: 5.00
Bed x: -65.00 y: 21.67 z: 5.03
Bed x: -43.33 y: 43.33 z: 4.92
Bed x: -21.67 y: 43.33 z: 4.87
Bed x: 0.00 y: 43.33 z: 4.79
Bed x: 21.67 y: 43.33 z: 4.74
Bed x: 43.33 y: 43.33 z: 4.66
Bed x: 21.67 y: 65.00 z: 4.61
Bed x: 0.00 y: 65.00 z: 4.71
Bed x: -21.67 y: 65.00 z: 4.77
0.24 0.21 0.20 0.14 0.21 0.28 0.35 
0.11 0.05 -0.03 -0.04 0.07 0.10 0.20 
-0.02 -0.11 -0.15 -0.16 -0.13 -0.02 -0.01 
-0.15 -0.19 -0.25 -0.28 -0.29 -0.23 -0.22 
-0.27 -0.30 -0.33 -0.39 -0.42 -0.47 -0.46 
-0.35 -0.38 -0.43 -0.51 -0.56 -0.64 -0.70 
-0.43 -0.47 -0.53 -0.59 -0.69 -0.79 -0.89 
