Bed x: 21.67 y: -65.00 z: 5.51
Bed x: 0.00 y: -65.00 z: 5.44
Bed x: -21.67 y: -65.00 z: 5.46
Bed x: -43.33 y: -43.33 z: 5.36
Bed x: -21.67 y: -43.33 z: 5.27
Bed x: 0.00 y: -43.33 z: 5.25
Bed x: 21.67 y: -43.33 z: 5.32
Bed x: 43.33 y: -43.33 z: 5.43
Bed x: 65.00 y: -21.67 z: 5.29
Bed x: 43.33 y: -21.67 z: 5.26
Bed x: 21.67 y: -21.67 z: 5.18
Bed x: 0.00 y: -21.67 z: 5.17
Bed x: -21.67 y: -21.67 z: 5.13
Bed x: -43.33 y: -21.67 z: 5.17
Bed x: -65.00 y: -21.67 z: 5.26
Bed x: -65.00 y: 0.00 z: 5.11
Bed x: -43.33 y: 0.00 z: 5.09
Bed x: -21.67 y: 0.00 z: 5.03
Bed x: 0.00 y: 0.00 z: 5.04
Bed x: 21.67 y: 0.00 z: 5.02
Bed x: 43.33 y: 0.00 z: 5.02
Bed x: 65.00 y: 0.00 z: 5.07
Bed x: 65.00 y: 21.67 z: 4.80
Bed x: 43.33 y: 21.67 z: 4.83
Bed x: 21.67 y: 21.67 z: 4.87
Bed x: 0.00 y: 21.67 z: 4.89
Bed x: -21.67 y: 21.67 z: 4.95
Bed x: -43.33 y: 21.67 z: 4.99
Bed x: -65.00 y: 21.67 z: 5.01
Bed x: -43.33 y: 43.33 z: 4.91
Bed x: -21.67 y: 43.33 z: 4.86
Bed x: 0.00 y: 43.33 z: 4.79
Bed x: 21.67 y: 43.33 z: 4.73
Bed x: 43.33 y: 43.33 z: 4.65
Bed x: 21.67 y: 65.00 z: 4.61
Bed x: 0.00 y: 65.00 z: 4.70
Bed x: -21.67 y: 65.00 z: 4.76
0.26 0.18 0.16 0.14 0.21 0.28 0.38 
0.11 0.06 -0.03 -0.05 0.02 0.13 0.21 
-0.04 -0.13 -0.17 -0.13 -0.12 -0.04 -0.01 
-0.19 -0.21 -0.27 -0.26 -0.28 -0.28 -0.23 
-0.29 -0.31 -0.35 -0.41 -0.43 -0.47 -0.50 
-0.35 -0.39 -0.44 -0.51 -0.57 -0.65 -0.73 
-0.41 -0.47 -0.54 -0.60 -0.69 -0.78 -0.87 
