Bed x: 21.67 y: -65.00 z: 5.53
Bed x: 0.00 y: -65.00 z: 5.46
Bed x: -21.67 y: -65.00 z: 5.49
Bed x: -43.33 y: -43.33 z: 5.34
Bed x: -21.67 y: -43.33 z: 5.19
Bed x: 0.00 y: -43.33 z: 5.20
Bed x: 21.67 y: -43.33 z: 5.32
Bed x: 43.33 y: -43.33 z: 5.37
Bed x: 65.00 y: -21.67 z: 5.28
Bed x: 43.33 y: -21.67 z: 5.25
Bed x: 21.67 y: -21.67 z: 5.20
Bed x: 0.00 y: -21.67 z: 5.15
Bed x: -21.67 y: -21.67 z: 5.14
Bed x: -43.33 y: -21.67 z: 5.20
Bed x: -65.00 y: -21.67 z: 5.28
Bed x: -65.00 y: 0.00 z: 5.13
Bed x: -43.33 y: 0.00 z: 5.11
Bed x: -21.67 y: 0.00 z: 5.01
Bed x: 0.00 y: 0.00 z: 4.98
Bed x: 21.67 y: 0.00 z: 4.98
Bed x: 43.33 y: 0.00 z: 5.05
Bed x: 65.00 y: 0.00 z: 5.07
Bed x: 65.00 y: 21.67 z: 4.80
Bed x: 43.33 y: 21.67 z: 4.83
Bed x: 21.67 y: 21.67 z: 4.87
Bed x: 0.00 y: 21.67 z: 4.91
Bed x: -21.67 y: 21.67 z: 4.97
Bed x: -43.33 y: 21.67 z: 5.01
Bed x: -65.00 y: 21.67 z: 5.02
Bed x: -43.33 y: 43.33 z: 4.87
Bed x: -21.67 y: 43.33 z: 4.84
Bed x: 0.00 y: 43.33 z: 4.79
Bed x: 21.67 y: 43.33 z: 4.74
Bed x: 43.33 y: 43.33 z: 4.66
Bed x: 21.67 y: 65.00 z: 4.63
Bed x: 0.00 y: 65.00 z: 4.72
Bed x: -21.67 y: 65.00 z: 4.79
0.24 0.18 0.19 0.16 0.23 0.19 0.24 
0.13 0.04 -0.11 -0.10 0.02 0.07 0.19 
-0.02 -0.10 -0.16 -0.15 -0.10 -0.05 -0.02 
-0.17 -0.19 -0.29 -0.32 -0.32 -0.25 -0.23 
-0.28 -0.29 -0.33 -0.39 -0.43 -0.47 -0.50 
-0.39 -0.43 -0.46 -0.51 -0.56 -0.64 -0.72 
-0.53 -0.53 -0.51 -0.58 -0.67 -0.76 -0.85 
