Bed x: 21.67 y: -65.00 z: 5.51
Bed x: 0.00 y: -65.00 z: 5.44
Bed x: -21.67 y: -65.00 z: 5.46
Bed x: -43.33 y: -43.33 z: 5.34
Bed x: -21.67 y: -43.33 z: 5.24
Bed x: 0.00 y: -43.33 z: 5.25
Bed x: 21.67 y: -43.33 z: 5.34
Bed x: 43.33 y: -43.33 z: 5.45
Bed x: 65.00 y: -21.67 z: 5.30
Bed x: 43.33 y: -21.67 z: 5.29
Bed x: 21.67 y: -21.67 z: 5.18
Bed x: 0.00 y: -21.67 z: 5.16
Bed x: -21.67 y: -21.67 z: 5.15
Bed x: -43.33 y: -21.67 z: 5.20
Bed x: -65.00 y: -21.67 z: 5.29
Bed x: -65.00 y: 0.00 z: 5.12
Bed x: -43.33 y: 0.00 z: 5.11
Bed x: -21.67 y: 0.00 z: 5.06
Bed x: 0.00 y: 0.00 z: 5.01
Bed x: 21.67 y: 0.00 z: 4.99
Bed x: 43.33 y: 0.00 z: 5.08
Bed x: 65.00 y: 0.00 z: 5.09
Bed x: 65.00 y: 21.67 z: 4.81
Bed x: 43.33 y: 21.67 z: 4.84
Bed x: 21.67 y: 21.67 z: 4.89
Bed x: 0.00 y: 21.67 z: 4.92
Bed x: -21.67 y: 21.67 z: 4.98
Bed x: -43.33 y: 21.67 z: 5.01
Bed x: -65.00 y: 21.67 z: 5.03
Bed x: -43.33 y: 43.33 z: 4.94
Bed x: -21.67 y: 43.33 z: 4.85
Bed x: 0.00 y: 43.33 z: 4.82
Bed x: 21.67 y: 43.33 z: 4.75
Bed x: 43.33 y: 43.33 z: 4.68
Bed x: 21.67 y: 65.00 z: 4.63
Bed x: 0.00 y: 65.00 z: 4.72
Bed x: -21.67 y: 65.00 z: 4.79
0.23 0.18 0.16 0.14 0.21 0.28 0.42 
0.14 0.04 -0.06 -0.05 0.04 0.15 0.26 
-0.01 -0.10 -0.15 -0.14 -0.12 -0.01 0.00 
-0.18 -0.19 -0.24 -0.29 -0.31 -0.22 -0.21 
-0.27 -0.29 -0.32 -0.38 -0.41 -0.46 -0.49 
-0.34 -0.36 -0.45 -0.48 -0.55 -0.62 -0.69 
-0.40 -0.44 -0.51 -0.58 -0.67 -0.76 -0.85 
