Bed x: 21.67 y: -65.00 z: 5.52
Bed x: 0.00 y: -65.00 z: 5.44
Bed x: -21.67 y: -65.00 z: 5.45
Bed x: -43.33 y: -43.33 z: 5.31
Bed x: -21.67 y: -43.33 z: 5.22
Bed x: 0.00 y: -43.33 z: 5.26
Bed x: 21.67 y: -43.33 z: 5.32
Bed x: 43.33 y: -43.33 z: 5.44
Bed x: 65.00 y: -21.67 z: 5.30
Bed x: 43.33 y: -21.67 z: 5.27
Bed x: 21.67 y: -21.67 z: 5.19
Bed x: 0.00 y: -21.67 z: 5.15
Bed x: -21.67 y: -21.67 z: 5.14
Bed x: -43.33 y: -21.67 z: 5.18
Bed x: -65.00 y: -21.67 z: 5.27
Bed x: -65.00 y: 0.00 z: 5.12
Bed x: -43.33 y: 0.00 z: 5.08
Bed x: -21.67 y: 0.00 z: 5.04
Bed x: 0.00 y: 0.00 z: 5.03
Bed x: 21.67 y: 0.00 z: 5.02
Bed x: 43.33 y: 0.00 z: 5.01
Bed x: 65.00 y: 0.00 z: 5.08
Bed x: 65.00 y: 21.67 z: 4.81
Bed x: 43.33 y: 21.67 z: 4.83
Bed x: 21.67 y: 21.67 z: 4.87
Bed x: 0.00 y: 21.67 z: 4.90
Bed x: -21.67 y: 21.67 z: 4.95
Bed x: -43.33 y: 21.67 z: 4.99
Bed x: -65.00 y: 21.67 z: 5.01
Bed x: -43.33 y: 43.33 z: 4.91
Bed x: -21.67 y: 43.33 z: 4.86
Bed x: 0.00 y: 43.33 z: 4.81
Bed x: 21.67 y: 43.33 z: 4.75
Bed x: 43.33 y: 43.33 z: 4.66
Bed x: 21.67 y: 65.00 z: 4.61
Bed x: 0.00 y: 65.00 z: 4.71
Bed x: -21.67 y: 65.00 z: 4.77
0.18 0.14 0.15 0.14 0.22 0.30 0.39 
0.10 0.01 -0.08 -0.04 0.02 0.14 0.22 
-0.03 -0.12 -0.16 -0.15 -0.11 -0.03 0.00 
-0.18 -0.22 -0.26 -0.27 -0.28 -0.29 -0.22 
-0.29 -0.31 -0.35 -0.40 -0.43 -0.47 -0.49 
-0.36 -0.39 -0.44 -0.49 -0.55 -0.64 -0.73 
-0.43 -0.47 -0.53 -0.59 -0.69 -0.79 -0.89 
