Bed x: 21.67 y: -65.00 z: 5.60
Bed x: 0.00 y: -65.00 z: 5.55
Bed x: -21.67 y: -65.00 z: 5.55
Bed x: -43.33 y: -43.33 z: 5.41
Bed x: -21.67 y: -43.33 z: 5.35
Bed x: 0.00 y: -43.33 z: 5.40
Bed x: 21.67 y: -43.33 z: 5.46
Bed x: 43.33 y: -43.33 z: 5.50
Bed x: 65.00 y: -21.67 z: 5.35
Bed x: 43.33 y: -21.67 z: 5.32
Bed x: 21.67 y: -21.67 z: 5.30
Bed x: 0.00 y: -21.67 z: 5.25
Bed x: -21.67 y: -21.67 z: 5.22
Bed x: -43.33 y: -21.67 z: 5.27
Bed x: -65.00 y: -21.67 z: 5.34
Bed x: -65.00 y: 0.00 z: 5.21
Bed x: -43.33 y: 0.00 z: 5.14
Bed x: -21.67 y: 0.00 z: 5.10
Bed x: 0.00 y: 0.00 z: 5.09
Bed x: 21.67 y: 0.00 z: 5.10
Bed x: 43.33 y: 0.00 z: 5.13
Bed x: 65.00 y: 0.00 z: 5.13
Bed x: 65.00 y: 21.67 z: 4.91
Bed x: 43.33 y: 21.67 z: 4.92
Bed x: 21.67 y: 21.67 z: 4.92
Bed x: 0.00 y: 21.67 z: 4.96
Bed x: -21.67 y: 21.67 z: 5.01
Bed x: -43.33 y: 21.67 z: 5.05
Bed x: -65.00 y: 21.67 z: 5.09
Bed x: -43.33 y: 43.33 z: 4.96
Bed x: -21.67 y: 43.33 z: 4.91
Bed x: 0.00 y: 43.33 z: 4.85
Bed x: 21.67 y: 43.33 z: 4.78
Bed x: 43.33 y: 43.33 z: 4.69
Bed x: 21.67 y: 65.00 z: 4.65
Bed x: 0.00 y: 65.00 z: 4.73
Bed x: -21.67 y: 65.00 z: 4.81
0.30 0.25 0.25 0.25 0.30 0.37 0.43 
0.17 0.11 0.05 0.10 0.16 0.20 0.24 
0.04 -0.03 -0.08 -0.05 -0.00 0.02 0.05 
-0.09 -0.16 -0.20 -0.21 -0.20 -0.17 -0.17 
-0.21 -0.25 -0.29 -0.34 -0.38 -0.38 -0.39 
-0.30 -0.34 -0.39 -0.45 -0.52 -0.61 -0.61 
-0.39 -0.43 -0.49 -0.57 -0.65 -0.73 -0.83 
