Bed x: 21.67 y: -65.00 z: 5.59
Bed x: 0.00 y: -65.00 z: 5.53
Bed x: -21.67 y: -65.00 z: 5.56
Bed x: -43.33 y: -43.33 z: 5.45
Bed x: -21.67 y: -43.33 z: 5.34
Bed x: 0.00 y: -43.33 z: 5.35
Bed x: 21.67 y: -43.33 z: 5.40
Bed x: 43.33 y: -43.33 z: 5.48
Bed x: 65.00 y: -21.67 z: 5.34
Bed x: 43.33 y: -21.67 z: 5.31
Bed x: 21.67 y: -21.67 z: 5.28
Bed x: 0.00 y: -21.67 z: 5.24
Bed x: -21.67 y: -21.67 z: 5.21
Bed x: -43.33 y: -21.67 z: 5.27
Bed x: -65.00 y: -21.67 z: 5.35
Bed x: -65.00 y: 0.00 z: 5.21
Bed x: -43.33 y: 0.00 z: 5.14
Bed x: -21.67 y: 0.00 z: 5.09
Bed x: 0.00 y: 0.00 z: 5.05
Bed x: 21.67 y: 0.00 z: 5.08
Bed x: 43.33 y: 0.00 z: 5.10
Bed x: 65.00 y: 0.00 z: 5.11
Bed x: 65.00 y: 21.67 z: 4.89
Bed x: 43.33 y: 21.67 z: 4.90
Bed x: 21.67 y: 21.67 z: 4.91
Bed x: 0.00 y: 21.67 z: 4.96
Bed x: -21.67 y: 21.67 z: 5.01
Bed x: -43.33 y: 21.67 z: 5.05
Bed x: -65.00 y: 21.67 z: 5.10
Bed x: -43.33 y: 43.33 z: 4.94
Bed x: -21.67 y: 43.33 z: 4.90
Bed x: 0.00 y: 43.33 z: 4.84
Bed x: 21.67 y: 43.33 z: 4.78
Bed x: 43.33 y: 43.33 z: 4.71
Bed x: 21.67 y: 65.00 z: 4.68
Bed x: 0.00 y: 65.00 z: 4.75
Bed x: -21.67 y: 65.00 z: 4.82
0.33 0.29 0.26 0.23 0.29 0.35 0.41 
0.19 0.15 0.04 0.05 0.10 0.18 0.26 
0.05 -0.03 -0.09 -0.06 -0.02 0.01 0.04 
-0.09 -0.16 -0.21 -0.25 -0.22 -0.20 -0.19 
-0.20 -0.25 -0.29 -0.34 -0.39 -0.40 -0.41 
-0.31 -0.36 -0.40 -0.46 -0.52 -0.59 -0.63 
-0.43 -0.46 -0.48 -0.55 -0.62 -0.70 -0.79 
