Bed x: 21.67 y: -65.00 z: 5.62
Bed x: 0.00 y: -65.00 z: 5.57
Bed x: -21.67 y: -65.00 z: 5.55
Bed x: -43.33 y: -43.33 z: 5.49
Bed x: -21.67 y: -43.33 z: 5.39
Bed x: 0.00 y: -43.33 z: 5.40
Bed x: 21.67 y: -43.33 z: 5.47
Bed x: 43.33 y: -43.33 z: 5.51
Bed x: 65.00 y: -21.67 z: 5.35
Bed x: 43.33 y: -21.67 z: 5.34
Bed x: 21.67 y: -21.67 z: 5.32
Bed x: 0.00 y: -21.67 z: 5.28
Bed x: -21.67 y: -21.67 z: 5.22
Bed x: -43.33 y: -21.67 z: 5.29
Bed x: -65.00 y: -21.67 z: 5.37
Bed x: -65.00 y: 0.00 z: 5.25
Bed x: -43.33 y: 0.00 z: 5.16
Bed x: -21.67 y: 0.00 z: 5.11
Bed x: 0.00 y: 0.00 z: 5.09
Bed x: 21.67 y: 0.00 z: 5.09
Bed x: 43.33 y: 0.00 z: 5.13
Bed x: 65.00 y: 0.00 z: 5.13
Bed x: 65.00 y: 21.67 z: 4.90
Bed x: 43.33 y: 21.67 z: 4.92
Bed x: 21.67 y: 21.67 z: 4.93
Bed x: 0.00 y: 21.67 z: 4.97
Bed x: -21.67 y: 21.67 z: 5.03
Bed x: -43.33 y: 21.67 z: 5.07
Bed x: -65.00 y: 21.67 z: 5.10
Bed x: -43.33 y: 43.33 z: 4.91
Bed x: -21.67 y: 43.33 z: 4.89
Bed x: 0.00 y: 43.33 z: 4.85
Bed x: 21.67 y: 43.33 z: 4.79
Bed x: 43.33 y: 43.33 z: 4.71
Bed x: 21.67 y: 65.00 z: 4.67
Bed x: 0.00 y: 65.00 z: 4.75
Bed x: -21.67 y: 65.00 z: 4.83
0.31 0.23 0.25 0.27 0.32 0.37 0.42 
0.19 0.19 0.09 0.10 0.17 0.21 0.27 
0.07 -0.01 -0.08 -0.02 0.02 0.04 0.05 
-0.05 -0.14 -0.19 -0.21 -0.21 -0.17 -0.17 
-0.20 -0.23 -0.27 -0.33 -0.37 -0.38 -0.40 
-0.35 -0.39 -0.41 -0.45 -0.51 -0.59 -0.63 
-0.51 -0.49 -0.47 -0.55 -0.63 -0.71 -0.81 
