Bed x: 21.67 y: -65.00 z: 5.61
Bed x: 0.00 y: -65.00 z: 5.55
Bed x: -21.67 y: -65.00 z: 5.56
Bed x: -43.33 y: -43.33 z: 5.47
Bed x: -21.67 y: -43.33 z: 5.38
Bed x: 0.00 y: -43.33 z: 5.39
Bed x: 21.67 y: -43.33 z: 5.45
Bed x: 43.33 y: -43.33 z: 5.51
Bed x: 65.00 y: -21.67 z: 5.36
Bed x: 43.33 y: -21.67 z: 5.31
Bed x: 21.67 y: -21.67 z: 5.30
Bed x: 0.00 y: -21.67 z: 5.27
Bed x: -21.67 y: -21.67 z: 5.20
Bed x: -43.33 y: -21.67 z: 5.28
Bed x: -65.00 y: -21.67 z: 5.34
Bed x: -65.00 y: 0.00 z: 5.24
Bed x: -43.33 y: 0.00 z: 5.15
Bed x: -21.67 y: 0.00 z: 5.09
Bed x: 0.00 y: 0.00 z: 5.08
Bed x: 21.67 y: 0.00 z: 5.10
Bed x: 43.33 y: 0.00 z: 5.12
Bed x: 65.00 y: 0.00 z: 5.11
Bed x: 65.00 y: 21.67 z: 4.90
Bed x: 43.33 y: 21.67 z: 4.90
Bed x: 21.67 y: 21.67 z: 4.91
Bed x: 0.00 y: 21.67 z: 4.96
Bed x: -21.67 y: 21.67 z: 5.02
Bed x: -43.33 y: 21.67 z: 5.06
Bed x: -65.00 y: 21.67 z: 5.10
Bed x: -43.33 y: 43.33 z: 4.97
Bed x: -21.67 y: 43.33 z: 4.92
Bed x: 0.00 y: 43.33 z: 4.86
Bed x: 21.67 y: 43.33 z: 4.78
Bed x: 43.33 y: 43.33 z: 4.70
Bed x: 21.67 y: 65.00 z: 4.66
Bed x: 0.00 y: 65.00 z: 4.75
Bed x: -21.67 y: 65.00 z: 4.82
0.30 0.27 0.26 0.25 0.31 0.37 0.43 
0.17 0.17 0.08 0.09 0.15 0.21 0.27 
0.04 -0.02 -0.10 -0.03 -0.00 0.01 0.06 
-0.06 -0.15 -0.21 -0.22 -0.20 -0.18 -0.19 
-0.20 -0.24 -0.28 -0.34 -0.39 -0.40 -0.40 
-0.28 -0.33 -0.38 -0.44 -0.52 -0.60 -0.61 
-0.36 -0.42 -0.48 -0.55 -0.64 -0.73 -0.82 
