Bed x: 21.67 y: -65.00 z: 5.59
Bed x: 0.00 y: -65.00 z: 5.54
Bed x: -21.67 y: -65.00 z: 5.54
Bed x: -43.33 y: -43.33 z: 5.42
Bed x: -21.67 y: -43.33 z: 5.35
Bed x: 0.00 y: -43.33 z: 5.37
Bed x: 21.67 y: -43.33 z: 5.44
Bed x: 43.33 y: -43.33 z: 5.49
Bed x: 65.00 y: -21.67 z: 5.35
Bed x: 43.33 y: -21.67 z: 5.31
Bed x: 21.67 y: -21.67 z: 5.29
Bed x: 0.00 y: -21.67 z: 5.23
Bed x: -21.67 y: -21.67 z: 5.24
Bed x: -43.33 y: -21.67 z: 5.26
Bed x: -65.00 y: -21.67 z: 5.34
Bed x: -65.00 y: 0.00 z: 5.22
Bed x: -43.33 y: 0.00 z: 5.13
Bed x: -21.67 y: 0.00 z: 5.09
Bed x: 0.00 y: 0.00 z: 5.08
Bed x: 21.67 y: 0.00 z: 5.08
Bed x: 43.33 y: 0.00 z: 5.11
Bed x: 65.00 y: 0.00 z: 5.13
Bed x: 65.00 y: 21.67 z: 4.91
Bed x: 43.33 y: 21.67 z: 4.90
Bed x: 21.67 y: 21.67 z: 4.92
Bed x: 0.00 y: 21.67 z: 4.96
Bed x: -21.67 y: 21.67 z: 5.01
Bed x: -43.33 y: 21.67 z: 5.06
Bed x: -65.00 y: 21.67 z: 5.11
Bed x: -43.33 y: 43.33 z: 4.96
Bed x: -21.67 y: 43.33 z: 4.91
Bed x: 0.00 y: 43.33 z: 4.84
Bed x: 21.67 y: 43.33 z: 4.78
Bed x: 43.33 y: 43.33 z: 4.70
Bed x: 21.67 y: 65.00 z: 4.66
Bed x: 0.00 y: 65.00 z: 4.75
Bed x: -21.67 y: 65.00 z: 4.83
0.28 0.24 0.24 0.24 0.29 0.35 0.41 
0.16 0.12 0.05 0.07 0.14 0.19 0.24 
0.04 -0.04 -0.06 -0.07 -0.01 0.01 0.05 
-0.08 -0.17 -0.21 -0.22 -0.22 -0.19 -0.17 
-0.19 -0.24 -0.29 -0.34 -0.38 -0.40 -0.39 
-0.29 -0.34 -0.39 -0.46 -0.52 -0.60 -0.61 
-0.39 -0.44 -0.47 -0.55 -0.64 -0.73 -0.82 
